2022-08-27 17:00:53,075 [main] INFO QA Lead Faisal - User able to open any browser 
2022-08-27 17:00:54,480 [main] INFO io.github.bonigarcia.wdm.WebDriverManager - Using chromedriver 104.0.5112.79 (resolved driver for Chrome 104)
2022-08-27 17:00:54,513 [main] INFO io.github.bonigarcia.wdm.WebDriverManager - Exporting webdriver.chrome.driver as C:\Users\User\.cache\selenium\chromedriver\win32\104.0.5112.79\chromedriver.exe
2022-08-27 17:00:58,647 [main] INFO QA Lead Faisal - User able to enter the url  
2022-08-27 17:01:06,551 [main] INFO QA Lead Faisal - User able to click on sign-in button 
2022-08-27 17:01:10,284 [main] INFO QA Lead Faisal - User able to enter valid userName & password 
2022-08-27 17:01:10,800 [main] INFO QA Lead Faisal - User able to click on login button
2022-08-27 17:01:11,215 [main] INFO QA Lead Faisal - User can verify the user information
2022-08-27 17:15:33,676 [main] INFO QA Lead Faisal - User able to open any browser 
2022-08-27 17:15:34,878 [main] INFO io.github.bonigarcia.wdm.WebDriverManager - Using chromedriver 104.0.5112.79 (resolved driver for Chrome 104)
2022-08-27 17:15:34,919 [main] INFO io.github.bonigarcia.wdm.WebDriverManager - Exporting webdriver.chrome.driver as C:\Users\User\.cache\selenium\chromedriver\win32\104.0.5112.79\chromedriver.exe
2022-08-27 17:15:39,841 [main] INFO QA Lead Faisal - User able to enter the url  
2022-08-27 17:15:45,257 [main] INFO QA Lead Faisal - User able to click on sign-in button 
2022-08-27 17:15:50,468 [main] INFO QA Lead Faisal - User able to enter valid userName & password 
2022-08-27 17:15:50,985 [main] INFO QA Lead Faisal - User able to click on login button
2022-08-27 17:15:51,399 [main] INFO QA Lead Faisal - User can verify the user information
2022-08-27 17:48:38,034 [main] INFO QA Lead Faisal - User able to open chrome browser 
2022-08-27 17:48:38,746 [main] INFO io.github.bonigarcia.wdm.WebDriverManager - Using chromedriver 104.0.5112.79 (resolved driver for Chrome 104)
2022-08-27 17:48:38,784 [main] INFO io.github.bonigarcia.wdm.WebDriverManager - Exporting webdriver.chrome.driver as C:\Users\User\.cache\selenium\chromedriver\win32\104.0.5112.79\chromedriver.exe
2022-08-27 17:48:44,051 [main] INFO QA Lead Faisal - User able to enter the url  
2022-08-27 17:48:49,898 [main] INFO QA Lead Faisal - User able to click on sign-in button 
2022-08-27 17:48:52,493 [main] INFO QA Lead Faisal - User able to enter valid userName & password 
2022-08-27 17:48:53,272 [main] INFO QA Lead Faisal - User able to click on login button
2022-08-27 17:48:53,651 [main] INFO QA Lead Faisal - User can verify the user information
2022-08-27 18:04:05,096 [main] INFO QA Lead Faisal - User able to open chrome browser 
2022-08-27 18:15:25,725 [main] INFO io.github.bonigarcia.wdm.WebDriverManager - Using chromedriver 104.0.5112.79 (resolved driver for Chrome 104)
2022-08-27 18:15:25,791 [main] INFO io.github.bonigarcia.wdm.WebDriverManager - Exporting webdriver.chrome.driver as C:\Users\User\.cache\selenium\chromedriver\win32\104.0.5112.79\chromedriver.exe
2022-08-27 18:15:30,082 [main] INFO QA Lead Faisal - User able to enter the url  
2022-08-27 18:15:40,565 [main] INFO QA Lead Faisal - User able to click on sign-in button 
2022-08-27 18:15:57,391 [main] INFO QA Lead Faisal - User able to enter valid userName & password 
2022-08-27 18:15:58,488 [main] INFO QA Lead Faisal - User able to click on login button
2022-08-27 18:16:04,227 [main] INFO QA Lead Faisal - User can verify the user information
2022-08-27 18:17:39,722 [main] INFO io.github.bonigarcia.wdm.WebDriverManager - Using chromedriver 104.0.5112.79 (resolved driver for Chrome 104)
2022-08-27 18:17:39,812 [main] INFO io.github.bonigarcia.wdm.WebDriverManager - Exporting webdriver.chrome.driver as C:\Users\User\.cache\selenium\chromedriver\win32\104.0.5112.79\chromedriver.exe
2022-08-27 18:17:45,673 [main] INFO QA Lead Faisal - User able to enter the url  
2022-08-28 09:22:45,183 [main] INFO Test Lead Alam - C:\Users\User\eclipse-workspace\Zoopla_E2E\src\main\java\zoopla\uk\configfile\Config.properties (The system cannot find the path specified)
2022-08-28 13:36:28,534 [main] INFO QA Lead Faisal - User able to enter the url  
2022-08-28 13:37:05,504 [main] INFO QA Lead Faisal - ******** I am a chrome browser*********
2022-08-28 13:37:38,206 [main] INFO QA Lead Faisal - ******** I am a chrome browser*********
2022-08-28 13:37:39,803 [main] INFO io.github.bonigarcia.wdm.WebDriverManager - Using chromedriver 104.0.5112.79 (resolved driver for Chrome 104)
2022-08-28 13:37:39,837 [main] INFO io.github.bonigarcia.wdm.WebDriverManager - Exporting webdriver.chrome.driver as C:\Users\User\.cache\selenium\chromedriver\win32\104.0.5112.79\chromedriver.exe
2022-08-28 13:37:46,008 [main] INFO QA Lead Faisal - User able to enter the url  
2022-08-28 13:37:52,727 [main] INFO QA Lead Faisal - User able to click on sign-in button 
2022-08-28 13:38:45,115 [main] INFO QA Lead Faisal - ******** I am a chrome browser*********
2022-08-28 13:38:45,703 [main] INFO io.github.bonigarcia.wdm.WebDriverManager - Using chromedriver 104.0.5112.79 (resolved driver for Chrome 104)
2022-08-28 13:38:45,743 [main] INFO io.github.bonigarcia.wdm.WebDriverManager - Exporting webdriver.chrome.driver as C:\Users\User\.cache\selenium\chromedriver\win32\104.0.5112.79\chromedriver.exe
2022-08-28 13:38:49,146 [main] INFO QA Lead Faisal - User able to enter the url  
2022-08-28 13:38:54,082 [main] INFO QA Lead Faisal - User able to click on sign-in button 
2022-08-28 22:53:17,620 [main] INFO QA Lead Faisal - ******** I am a chrome browser*********
2022-08-28 22:53:20,317 [main] INFO io.github.bonigarcia.wdm.WebDriverManager - Using chromedriver 104.0.5112.79 (resolved driver for Chrome 104)
2022-08-28 22:53:20,370 [main] INFO io.github.bonigarcia.wdm.WebDriverManager - Exporting webdriver.chrome.driver as C:\Users\User\.cache\selenium\chromedriver\win32\104.0.5112.79\chromedriver.exe
2022-08-28 22:53:26,425 [main] INFO QA Lead Faisal - User able to enter the url  
2022-08-28 22:53:30,847 [main] INFO QA Lead Faisal - User able to click on sign-in button 
2022-08-28 22:56:32,473 [main] INFO QA Lead Faisal - User able to enter the url  
2022-08-28 23:00:56,175 [main] INFO QA Lead Faisal - User able to enter the url  
2022-08-28 23:02:18,328 [main] INFO QA Lead Faisal - User able to enter the url  
2022-08-28 23:02:42,997 [main] INFO QA Lead Faisal - User able to enter the url  
2022-08-28 23:03:04,978 [main] INFO QA Lead Faisal - User able to enter the url  
2022-08-28 23:04:08,311 [main] INFO QA Lead Faisal - User able to enter the url  
2022-08-28 23:06:12,282 [main] INFO QA Lead Faisal - User able to enter the url  
2022-08-28 23:11:19,814 [main] INFO QA Lead Faisal - User able to enter the url  
2022-08-28 23:12:47,088 [main] INFO QA Lead Faisal - User able to enter the url  
2022-08-28 23:14:04,573 [main] INFO QA Lead Faisal - User able to enter the url  
2022-08-28 23:19:51,526 [main] INFO QA Lead Faisal - User able to enter the url  
2022-08-30 10:07:04,322 [main] INFO io.github.bonigarcia.wdm.WebDriverManager - Using chromedriver 104.0.5112.79 (resolved driver for Chrome 104)
2022-08-30 10:07:04,381 [main] INFO io.github.bonigarcia.wdm.WebDriverManager - Exporting webdriver.chrome.driver as C:\Users\User\.cache\selenium\chromedriver\win32\104.0.5112.79\chromedriver.exe
2022-08-30 10:07:06,823 [main] INFO QA Lead Faisal - User able to enter the url  
2022-08-30 10:07:09,895 [main] INFO QA Lead Faisal - User able to click on sign-in button 
2022-08-30 10:10:49,450 [main] INFO io.github.bonigarcia.wdm.WebDriverManager - Using chromedriver 104.0.5112.79 (resolved driver for Chrome 104)
2022-08-30 10:10:49,485 [main] INFO io.github.bonigarcia.wdm.WebDriverManager - Exporting webdriver.chrome.driver as C:\Users\User\.cache\selenium\chromedriver\win32\104.0.5112.79\chromedriver.exe
2022-08-30 10:10:52,431 [main] INFO QA Lead Faisal - User able to enter the url  
2022-08-30 10:10:55,475 [main] INFO QA Lead Faisal - User able to click on sign-in button 
2022-08-30 10:12:14,597 [main] INFO io.github.bonigarcia.wdm.WebDriverManager - Using chromedriver 104.0.5112.79 (resolved driver for Chrome 104)
2022-08-30 10:12:14,636 [main] INFO io.github.bonigarcia.wdm.WebDriverManager - Exporting webdriver.chrome.driver as C:\Users\User\.cache\selenium\chromedriver\win32\104.0.5112.79\chromedriver.exe
2022-08-30 10:12:16,879 [main] INFO QA Lead Faisal - User able to enter the url  
2022-08-30 10:12:19,734 [main] INFO QA Lead Faisal - User able to click on sign-in button 
2022-08-30 10:13:23,014 [main] INFO io.github.bonigarcia.wdm.WebDriverManager - Using chromedriver 104.0.5112.79 (resolved driver for Chrome 104)
2022-08-30 10:13:23,054 [main] INFO io.github.bonigarcia.wdm.WebDriverManager - Exporting webdriver.chrome.driver as C:\Users\User\.cache\selenium\chromedriver\win32\104.0.5112.79\chromedriver.exe
2022-08-30 10:13:25,322 [main] INFO QA Lead Faisal - User able to enter the url  
2022-08-30 10:13:28,270 [main] INFO QA Lead Faisal - User able to click on sign-in button 
2022-08-30 10:13:29,699 [main] INFO QA Lead Faisal - User able to enter valid userName & password 
2022-08-30 10:14:23,278 [main] INFO io.github.bonigarcia.wdm.WebDriverManager - Using chromedriver 104.0.5112.79 (resolved driver for Chrome 104)
2022-08-30 10:14:23,324 [main] INFO io.github.bonigarcia.wdm.WebDriverManager - Exporting webdriver.chrome.driver as C:\Users\User\.cache\selenium\chromedriver\win32\104.0.5112.79\chromedriver.exe
2022-08-30 10:14:25,615 [main] INFO QA Lead Faisal - User able to enter the url  
2022-08-30 10:14:28,262 [main] INFO QA Lead Faisal - User able to click on sign-in button 
2022-08-30 10:14:29,900 [main] INFO QA Lead Faisal - User able to enter valid userName & password 
2022-08-30 10:14:30,378 [main] INFO QA Lead Faisal - User able to click on login button
2022-08-30 10:14:30,724 [main] INFO QA Lead Faisal - User can verify the user information
2022-08-30 10:23:20,946 [main] INFO io.github.bonigarcia.wdm.WebDriverManager - Using chromedriver 104.0.5112.79 (resolved driver for Chrome 104)
2022-08-30 10:23:20,991 [main] INFO io.github.bonigarcia.wdm.WebDriverManager - Exporting webdriver.chrome.driver as C:\Users\User\.cache\selenium\chromedriver\win32\104.0.5112.79\chromedriver.exe
2022-08-30 10:23:24,064 [main] INFO QA Lead Faisal - User able to enter the url  
2022-08-30 10:23:27,407 [main] INFO QA Lead Faisal - User able to click on sign-in button 
2022-08-30 10:23:29,220 [main] INFO QA Lead Faisal - User able to enter valid userName & password 
2022-08-30 10:23:29,729 [main] INFO QA Lead Faisal - User able to click on login button
2022-08-30 10:23:31,732 [main] INFO QA Lead Faisal - User can verify the user information
2022-09-01 14:29:54,019 [main] INFO QA Lead Faisal - User able to enter the url  
2022-09-01 14:30:39,023 [main] INFO QA Lead Faisal - User able to enter the url  
2022-09-01 14:30:39,031 [main] INFO QA Lead Faisal - User able to click on sign-in button 
2022-09-01 14:58:21,193 [main] INFO io.github.bonigarcia.wdm.WebDriverManager - Using chromedriver 104.0.5112.79 (resolved driver for Chrome 104)
2022-09-01 14:58:21,256 [main] INFO io.github.bonigarcia.wdm.WebDriverManager - Exporting webdriver.chrome.driver as C:\Users\User\.cache\selenium\chromedriver\win32\104.0.5112.79\chromedriver.exe
2022-09-01 14:58:24,360 [main] INFO QA Lead Faisal - User able to enter the url  
2022-09-01 14:58:27,152 [main] INFO QA Lead Faisal - User able to click on sign-in button 
2022-09-01 15:01:35,087 [main] INFO io.github.bonigarcia.wdm.WebDriverManager - Using chromedriver 104.0.5112.79 (resolved driver for Chrome 104)
2022-09-01 15:01:35,124 [main] INFO io.github.bonigarcia.wdm.WebDriverManager - Exporting webdriver.chrome.driver as C:\Users\User\.cache\selenium\chromedriver\win32\104.0.5112.79\chromedriver.exe
2022-09-01 15:01:37,357 [main] INFO QA Lead Faisal - User able to enter the url  
2022-09-01 15:01:40,389 [main] INFO QA Lead Faisal - User able to click on sign-in button 
2022-09-01 15:04:02,266 [main] INFO io.github.bonigarcia.wdm.WebDriverManager - Using chromedriver 104.0.5112.79 (resolved driver for Chrome 104)
2022-09-01 15:04:02,303 [main] INFO io.github.bonigarcia.wdm.WebDriverManager - Exporting webdriver.chrome.driver as C:\Users\User\.cache\selenium\chromedriver\win32\104.0.5112.79\chromedriver.exe
2022-09-01 15:04:04,695 [main] INFO QA Lead Faisal - User able to enter the url  
2022-09-01 15:04:07,807 [main] INFO QA Lead Faisal - User able to click on sign-in button 
2022-09-03 16:39:38,261 [main] INFO io.github.bonigarcia.wdm.WebDriverManager - Using chromedriver 104.0.5112.79 (resolved driver for Chrome 104)
2022-09-03 16:39:38,504 [main] INFO io.github.bonigarcia.wdm.WebDriverManager - Exporting webdriver.chrome.driver as C:\Users\User\.cache\selenium\chromedriver\win32\104.0.5112.79\chromedriver.exe
2022-09-03 16:39:49,549 [main] INFO QA Lead Faisal - User able to enter the url  
2022-09-03 16:40:03,383 [main] INFO QA Lead Faisal - User able to click on sign-in button 
2022-09-04 21:57:02,993 [main] INFO io.github.bonigarcia.wdm.WebDriverManager - Using chromedriver 104.0.5112.79 (resolved driver for Chrome 104)
2022-09-04 21:57:03,044 [main] INFO io.github.bonigarcia.wdm.WebDriverManager - Exporting webdriver.chrome.driver as C:\Users\User\.cache\selenium\chromedriver\win32\104.0.5112.79\chromedriver.exe
2022-09-04 21:57:08,311 [main] INFO QA Lead Faisal - User able to enter the url  
2022-09-04 21:57:13,426 [main] INFO QA Lead Faisal - User able to click on sign-in button 
